  Board.cpp
  Card.cpp
  CardDeck.cpp
C:\Users\User\Documents\Github repositories\MonOOpoly\Project1\Project1\CardDeck.cpp(95,22): warning C4244: 'argument': conversion from 'time_t' to 'unsigned int', possible loss of data
C:\Users\User\Documents\Github repositories\MonOOpoly\Project1\Project1\CardDeck.cpp(100,23): warning C4267: 'argument': conversion from 'size_t' to 'int', possible loss of data
C:\Users\User\Documents\Github repositories\MonOOpoly\Project1\Project1\CardDeck.cpp(100,20): warning C4267: 'argument': conversion from 'size_t' to 'int', possible loss of data
C:\Users\User\Documents\Github repositories\MonOOpoly\Project1\Project1\CardDeck.cpp(106,31): warning C4267: 'argument': conversion from 'size_t' to 'int', possible loss of data
C:\Users\User\Documents\Github repositories\MonOOpoly\Project1\Project1\CardDeck.cpp(106,28): warning C4267: 'argument': conversion from 'size_t' to 'int', possible loss of data
  CardField.cpp
  CompanyField.cpp
  GoToJailField.cpp
  GroupPaymentCard.cpp
  Monopoly.cpp
  MovePositionCard.cpp
  MoveToLocationCard.cpp
C:\Users\User\Documents\Github repositories\MonOOpoly\Project1\Project1\MoveToLocationCard.cpp(12,15): warning C4267: 'initializing': conversion from 'size_t' to 'int', possible loss of data
  MoveToNearestUtilCard.cpp
  PayFieldTax.cpp
  PaymentCard.cpp
  Player.cpp
C:\Users\User\Documents\Github repositories\MonOOpoly\Project1\Project1\Player.cpp(42,34): warning C4267: '-=': conversion from 'size_t' to 'int', possible loss of data
C:\Users\User\Documents\Github repositories\MonOOpoly\Project1\Project1\Player.cpp(43,43): warning C4267: '+=': conversion from 'size_t' to 'int', possible loss of data
C:\Users\User\Documents\Github repositories\MonOOpoly\Project1\Project1\Player.cpp(52,27): warning C4267: 'argument': conversion from 'size_t' to 'unsigned int', possible loss of data
  Property.cpp
  Source.cpp
  StartField.cpp
  Trade.cpp
  TrainStation.cpp
  Generating Code...
  Project1.vcxproj -> C:\Users\User\Documents\Github repositories\MonOOpoly\Project1\x64\Debug\Project1.exe
